app/mapping.txt
# compiler: R8
# compiler_version: 2.2.64
# min_api: 19
# pg_map_id: cd7b1a3
# common_typos_disable
com.example.sampleapp.BuildConfig -> b.a.a.a:
    int VERSION_CODE -> d
    boolean DEBUG -> a
    java.lang.String BUILD_TYPE -> c
    java.lang.String APPLICATION_ID -> b
    java.lang.String VERSION_NAME -> e
    7:7:void <clinit>() -> <clinit>
    6:6:void <init>() -> <init>
com.example.sampleapp.HomeActivity -> com.example.sampleapp.HomeActivity:
    android.widget.Button btnLogout -> A
    android.widget.EditText edStatus -> B
    13:13:void <init>() -> <init>
    19:34:void onCreate(android.os.Bundle) -> onCreate
com.example.sampleapp.HomeActivity$1 -> com.example.sampleapp.HomeActivity$a:
    com.example.sampleapp.HomeActivity this$0 -> b
    27:27:void <init>(com.example.sampleapp.HomeActivity) -> <init>
    30:31:void onClick(android.view.View) -> onClick
com.example.sampleapp.LoginActivity -> com.example.sampleapp.LoginActivity:
    com.example.sampleapp.SQLiteConnector sql -> E
    android.widget.EditText edPassword -> B
    android.widget.EditText edUsername -> A
    android.widget.Button btnSignup -> D
    android.widget.Button btnLogin -> C
    14:14:void <init>() -> <init>
    14:14:android.widget.EditText access$000(com.example.sampleapp.LoginActivity) -> V
    14:14:android.widget.EditText access$100(com.example.sampleapp.LoginActivity) -> W
    14:14:android.widget.Button access$200(com.example.sampleapp.LoginActivity) -> X
    23:99:void onCreate(android.os.Bundle) -> onCreate
com.example.sampleapp.LoginActivity$1 -> com.example.sampleapp.LoginActivity$a:
    com.example.sampleapp.LoginActivity this$0 -> b
    32:32:void <init>(com.example.sampleapp.LoginActivity) -> <init>
    35:37:void onClick(android.view.View) -> onClick
com.example.sampleapp.LoginActivity$2 -> com.example.sampleapp.LoginActivity$b:
    com.example.sampleapp.LoginActivity this$0 -> b
    40:40:void <init>(com.example.sampleapp.LoginActivity) -> <init>
    43:52:void onClick(android.view.View) -> onClick
com.example.sampleapp.LoginActivity$3 -> com.example.sampleapp.LoginActivity$c:
    com.example.sampleapp.LoginActivity this$0 -> b
    55:55:void <init>(com.example.sampleapp.LoginActivity) -> <init>
    73:73:void afterTextChanged(android.text.Editable) -> afterTextChanged
    59:59:void beforeTextChanged(java.lang.CharSequence,int,int,int) -> beforeTextChanged
    63:68:void onTextChanged(java.lang.CharSequence,int,int,int) -> onTextChanged
com.example.sampleapp.LoginActivity$4 -> com.example.sampleapp.LoginActivity$d:
    com.example.sampleapp.LoginActivity this$0 -> b
    75:75:void <init>(com.example.sampleapp.LoginActivity) -> <init>
    97:97:void afterTextChanged(android.text.Editable) -> afterTextChanged
    78:83:void beforeTextChanged(java.lang.CharSequence,int,int,int) -> beforeTextChanged
    87:92:void onTextChanged(java.lang.CharSequence,int,int,int) -> onTextChanged
com.example.sampleapp.R -> b.a.a.b:
...
androidx.core.view.accessibility.AccessibilityClickableSpanCompat -> a.i.q.p0.a:
    androidx.core.view.accessibility.AccessibilityNodeInfoCompat mNodeInfoCompat -> d
    int mClickableSpanActionId -> e
    java.lang.String SPAN_ID -> b
    int mOriginalClickableSpanId -> c
    55:59:void <init>(int,androidx.core.view.accessibility.AccessibilityNodeInfoCompat,int) -> <init>
    69:72:void onClick(android.view.View) -> onClick
androidx.core.view.accessibility.AccessibilityEventCompat -> a.i.q.p0.b:
    int TYPE_TOUCH_INTERACTION_START -> n
    int TYPE_GESTURE_DETECTION_START -> l
    int TYPE_VIEW_ACCESSIBILITY_FOCUS_CLEARED -> j
    int TYPE_ANNOUNCEMENT -> h
    int TYPE_VIEW_SCROLLED -> f
    int TYPE_TOUCH_EXPLORATION_GESTURE_END -> d
    int TYPE_VIEW_HOVER_EXIT -> b
    int CONTENT_CHANGE_TYPE_PANE_DISAPPEARED -> y
    int CONTENT_CHANGE_TYPE_PANE_TITLE -> w
    int CONTENT_CHANGE_TYPE_TEXT -> u
    int CONTENT_CHANGE_TYPE_UNDEFINED -> s
    int TYPE_VIEW_CONTEXT_CLICKED -> q
    int TYPE_TOUCH_INTERACTION_END -> o
    int TYPE_GESTURE_DETECTION_END -> m
    int TYPE_VIEW_TEXT_TRAVERSED_AT_MOVEMENT_GRANULARITY -> k
    int TYPE_VIEW_ACCESSIBILITY_FOCUSED -> i
    int TYPE_VIEW_TEXT_SELECTION_CHANGED -> g
    int TYPE_WINDOW_CONTENT_CHANGED -> e
    int TYPE_TOUCH_EXPLORATION_GESTURE_START -> c
    int TYPE_VIEW_HOVER_ENTER -> a
    int TYPES_ALL_MASK -> z
    int CONTENT_CHANGE_TYPE_PANE_APPEARED -> x
    int CONTENT_CHANGE_TYPE_CONTENT_DESCRIPTION -> v
    int CONTENT_CHANGE_TYPE_SUBTREE -> t
    int TYPE_ASSIST_READING_CONTEXT -> r
    int TYPE_WINDOWS_CHANGED -> p
    215:217:void <init>() -> <init>
    244:245:void appendRecord(android.view.accessibility.AccessibilityEvent,androidx.core.view.accessibility.AccessibilityRecordCompat) -> a
    279:279:androidx.core.view.accessibility.AccessibilityRecordCompat asRecord(android.view.accessibility.AccessibilityEvent) -> b
androidx.core.view.accessibility.AccessibilityManagerCompat -> a.i.q.p0.c:
    278:278:void <init>() -> <init>
    47:50:boolean addAccessibilityStateChangeListener(android.view.accessibility.AccessibilityManager,androidx.core.view.accessibility.AccessibilityManagerCompat$AccessibilityStateChangeListener) -> a
    168:175:boolean addTouchExplorationStateChangeListener(android.view.accessibility.AccessibilityManager,androidx.core.view.accessibility.AccessibilityManagerCompat$TouchExplorationStateChangeListener) -> b
    143:143:java.util.List getEnabledAccessibilityServiceList(android.view.accessibility.AccessibilityManager,int) -> c
    120:120:java.util.List getInstalledAccessibilityServiceList(android.view.accessibility.AccessibilityManager) -> d
    156:156:boolean isTouchExplorationEnabled(android.view.accessibility.AccessibilityManager) -> e
    68:71:boolean removeAccessibilityStateChangeListener(android.view.accessibility.AccessibilityManager,androidx.core.view.accessibility.AccessibilityManagerCompat$AccessibilityStateChangeListener) -> f
    187:194:boolean removeTouchExplorationStateChangeListener(android.view.accessibility.AccessibilityManager,androidx.core.view.accessibility.AccessibilityManagerCompat$TouchExplorationStateChangeListener) -> g
androidx.core.view.accessibility.AccessibilityManagerCompat$AccessibilityStateChangeListener -> a.i.q.p0.c$a:
androidx.core.view.accessibility.AccessibilityManagerCompat$AccessibilityStateChangeListenerCompat -> a.i.q.p0.c$b:
    240:240:void <init>() -> <init>
androidx.core.view.accessibility.AccessibilityManagerCompat$AccessibilityStateChangeListenerWrapper -> a.i.q.p0.c$c:
    androidx.core.view.accessibility.AccessibilityManagerCompat$AccessibilityStateChangeListener mListener -> a
    81:83:void <init>(androidx.core.view.accessibility.AccessibilityManagerCompat$AccessibilityStateChangeListener) -> <init>
    92:100:boolean equals(java.lang.Object) -> equals
    87:87:int hashCode() -> hashCode
    105:106:void onAccessibilityStateChanged(boolean) -> onAccessibilityStateChanged